$pedido:: WC_Order Object
(
    [order_type] => simple
    [id] => 13360
    [post] => WP_Post Object
        (
            [ID] => 13360
            [post_author] => 1
            [post_date] => 2016-08-11 15:17:56
            [post_date_gmt] => 2016-08-11 09:47:56
            [post_content] => 
            [post_title] => Order &ndash; August 11, 2016 @ 03:17 PM
            [post_excerpt] => mobile-app
            [post_status] => wc-processing
            [comment_status] => open
            [ping_status] => closed
            [post_password] => order_57ac49cc2537e
            [post_name] => order-aug-11-2016-0947-am
            [to_ping] => 
            [pinged] => 
            [post_modified] => 2016-08-11 15:17:56
            [post_modified_gmt] => 2016-08-11 09:47:56
            [post_content_filtered] => 
            [post_parent] => 0
            [guid] => http://localhost/packing/?post_type=shop_order&#038;p=13360
            [menu_order] => 0
            [post_type] => shop_order
            [post_mime_type] => 
            [comment_count] => 1
            [filter] => raw
        )

    [order_date] => 2016-08-11 15:17:56
    [modified_date] => 2016-08-11 15:17:56
    [customer_message] => mobile-app
    [customer_note] => mobile-app
    [post_status] => wc-processing
    [prices_include_tax] => 1
    [tax_display_cart] => incl
    [display_totals_ex_tax] => 
    [display_cart_ex_tax] => 
    [formatted_billing_address:protected] => 
    [formatted_shipping_address:protected] => 
)
$prefijo:: 1$telefono:: 919413640466$prefijo_internacional:: 91$pedido:: WC_Order Object
(
    [order_type] => simple
    [id] => 13360
    [post] => WP_Post Object
        (
            [ID] => 13360
            [post_author] => 1
            [post_date] => 2016-08-11 15:17:56
            [post_date_gmt] => 2016-08-11 09:47:56
            [post_content] => 
            [post_title] => Order &ndash; August 11, 2016 @ 03:17 PM
            [post_excerpt] => mobile-app
            [post_status] => wc-processing
            [comment_status] => open
            [ping_status] => closed
            [post_password] => order_57ac49cc2537e
            [post_name] => order-aug-11-2016-0947-am
            [to_ping] => 
            [pinged] => 
            [post_modified] => 2016-08-11 15:17:56
            [post_modified_gmt] => 2016-08-11 09:47:56
            [post_content_filtered] => 
            [post_parent] => 0
            [guid] => http://localhost/packing/?post_type=shop_order&#038;p=13360
            [menu_order] => 0
            [post_type] => shop_order
            [post_mime_type] => 
            [comment_count] => 1
            [filter] => raw
        )

    [order_date] => 2016-08-11 15:17:56
    [modified_date] => 2016-08-11 15:17:56
    [customer_message] => mobile-app
    [customer_note] => mobile-app
    [post_status] => wc-processing
    [prices_include_tax] => 1
    [tax_display_cart] => incl
    [display_totals_ex_tax] => 
    [display_cart_ex_tax] => 
    [formatted_billing_address:protected] => 
    [formatted_shipping_address:protected] => 
)
$prefijo:: 1$telefono:: 919829450355$prefijo_internacional:: 91$pedido:: WC_Order Object
(
    [order_type] => simple
    [id] => 13360
    [post] => WP_Post Object
        (
            [ID] => 13360
            [post_author] => 1
            [post_date] => 2016-08-11 15:17:56
            [post_date_gmt] => 2016-08-11 09:47:56
            [post_content] => 
            [post_title] => Order &ndash; August 11, 2016 @ 03:17 PM
            [post_excerpt] => mobile-app
            [post_status] => wc-processing
            [comment_status] => open
            [ping_status] => closed
            [post_password] => order_57ac49cc2537e
            [post_name] => order-aug-11-2016-0947-am
            [to_ping] => 
            [pinged] => 
            [post_modified] => 2016-08-11 15:17:56
            [post_modified_gmt] => 2016-08-11 09:47:56
            [post_content_filtered] => 
            [post_parent] => 0
            [guid] => http://localhost/packing/?post_type=shop_order&#038;p=13360
            [menu_order] => 0
            [post_type] => shop_order
            [post_mime_type] => 
            [comment_count] => 1
            [filter] => raw
        )

    [order_date] => 2016-08-11 15:17:56
    [modified_date] => 2016-08-11 15:17:56
    [customer_message] => mobile-app
    [customer_note] => mobile-app
    [post_status] => wc-processing
    [prices_include_tax] => 1
    [tax_display_cart] => incl
    [display_totals_ex_tax] => 
    [display_cart_ex_tax] => 
    [formatted_billing_address:protected] => 
    [formatted_shipping_address:protected] => 
)
$prefijo:: 1$telefono:: 919413640466$prefijo_internacional:: 91$pedido:: WC_Order Object
(
    [order_type] => simple
    [id] => 13360
    [post] => WP_Post Object
        (
            [ID] => 13360
            [post_author] => 1
            [post_date] => 2016-08-11 15:17:56
            [post_date_gmt] => 2016-08-11 09:47:56
            [post_content] => 
            [post_title] => Order &ndash; August 11, 2016 @ 03:17 PM
            [post_excerpt] => mobile-app
            [post_status] => wc-processing
            [comment_status] => open
            [ping_status] => closed
            [post_password] => order_57ac49cc2537e
            [post_name] => order-aug-11-2016-0947-am
            [to_ping] => 
            [pinged] => 
            [post_modified] => 2016-08-11 15:17:56
            [post_modified_gmt] => 2016-08-11 09:47:56
            [post_content_filtered] => 
            [post_parent] => 0
            [guid] => http://localhost/packing/?post_type=shop_order&#038;p=13360
            [menu_order] => 0
            [post_type] => shop_order
            [post_mime_type] => 
            [comment_count] => 1
            [filter] => raw
        )

    [order_date] => 2016-08-11 15:17:56
    [modified_date] => 2016-08-11 15:17:56
    [customer_message] => mobile-app
    [customer_note] => mobile-app
    [post_status] => wc-processing
    [prices_include_tax] => 1
    [tax_display_cart] => incl
    [display_totals_ex_tax] => 
    [display_cart_ex_tax] => 
    [formatted_billing_address:protected] => 
    [formatted_shipping_address:protected] => 
)
$prefijo:: 1$telefono:: 919829450355$prefijo_internacional:: 91$pedido:: WC_Order Object
(
    [order_type] => simple
    [id] => 13363
    [post] => WP_Post Object
        (
            [ID] => 13363
            [post_author] => 1
            [post_date] => 2016-08-11 15:19:42
            [post_date_gmt] => 2016-08-11 09:49:42
            [post_content] => 
            [post_title] => Order &ndash; August 11, 2016 @ 03:19 PM
            [post_excerpt] => mobile-app
            [post_status] => wc-processing
            [comment_status] => open
            [ping_status] => closed
            [post_password] => order_57ac4a35b25f6
            [post_name] => order-aug-11-2016-0949-am
            [to_ping] => 
            [pinged] => 
            [post_modified] => 2016-08-11 15:19:42
            [post_modified_gmt] => 2016-08-11 09:49:42
            [post_content_filtered] => 
            [post_parent] => 0
            [guid] => http://localhost/packing/?post_type=shop_order&#038;p=13363
            [menu_order] => 0
            [post_type] => shop_order
            [post_mime_type] => 
            [comment_count] => 1
            [filter] => raw
        )

    [order_date] => 2016-08-11 15:19:42
    [modified_date] => 2016-08-11 15:19:42
    [customer_message] => mobile-app
    [customer_note] => mobile-app
    [post_status] => wc-processing
    [prices_include_tax] => 1
    [tax_display_cart] => incl
    [display_totals_ex_tax] => 
    [display_cart_ex_tax] => 
    [formatted_billing_address:protected] => 
    [formatted_shipping_address:protected] => 
)
$prefijo:: 1$telefono:: 919413640466$prefijo_internacional:: 91$pedido:: WC_Order Object
(
    [order_type] => simple
    [id] => 13363
    [post] => WP_Post Object
        (
            [ID] => 13363
            [post_author] => 1
            [post_date] => 2016-08-11 15:19:42
            [post_date_gmt] => 2016-08-11 09:49:42
            [post_content] => 
            [post_title] => Order &ndash; August 11, 2016 @ 03:19 PM
            [post_excerpt] => mobile-app
            [post_status] => wc-processing
            [comment_status] => open
            [ping_status] => closed
            [post_password] => order_57ac4a35b25f6
            [post_name] => order-aug-11-2016-0949-am
            [to_ping] => 
            [pinged] => 
            [post_modified] => 2016-08-11 15:19:42
            [post_modified_gmt] => 2016-08-11 09:49:42
            [post_content_filtered] => 
            [post_parent] => 0
            [guid] => http://localhost/packing/?post_type=shop_order&#038;p=13363
            [menu_order] => 0
            [post_type] => shop_order
            [post_mime_type] => 
            [comment_count] => 1
            [filter] => raw
        )

    [order_date] => 2016-08-11 15:19:42
    [modified_date] => 2016-08-11 15:19:42
    [customer_message] => mobile-app
    [customer_note] => mobile-app
    [post_status] => wc-processing
    [prices_include_tax] => 1
    [tax_display_cart] => incl
    [display_totals_ex_tax] => 
    [display_cart_ex_tax] => 
    [formatted_billing_address:protected] => 
    [formatted_shipping_address:protected] => 
)
$prefijo:: 1$telefono:: 919829450355$prefijo_internacional:: 91$pedido:: WC_Order Object
(
    [order_type] => simple
    [id] => 13363
    [post] => WP_Post Object
        (
            [ID] => 13363
            [post_author] => 1
            [post_date] => 2016-08-11 15:19:42
            [post_date_gmt] => 2016-08-11 09:49:42
            [post_content] => 
            [post_title] => Order &ndash; August 11, 2016 @ 03:19 PM
            [post_excerpt] => mobile-app
            [post_status] => wc-processing
            [comment_status] => open
            [ping_status] => closed
            [post_password] => order_57ac4a35b25f6
            [post_name] => order-aug-11-2016-0949-am
            [to_ping] => 
            [pinged] => 
            [post_modified] => 2016-08-11 15:19:42
            [post_modified_gmt] => 2016-08-11 09:49:42
            [post_content_filtered] => 
            [post_parent] => 0
            [guid] => http://localhost/packing/?post_type=shop_order&#038;p=13363
            [menu_order] => 0
            [post_type] => shop_order
            [post_mime_type] => 
            [comment_count] => 1
            [filter] => raw
        )

    [order_date] => 2016-08-11 15:19:42
    [modified_date] => 2016-08-11 15:19:42
    [customer_message] => mobile-app
    [customer_note] => mobile-app
    [post_status] => wc-processing
    [prices_include_tax] => 1
    [tax_display_cart] => incl
    [display_totals_ex_tax] => 
    [display_cart_ex_tax] => 
    [formatted_billing_address:protected] => 
    [formatted_shipping_address:protected] => 
)
$prefijo:: 1$telefono:: 919413640466$prefijo_internacional:: 91$pedido:: WC_Order Object
(
    [order_type] => simple
    [id] => 13363
    [post] => WP_Post Object
        (
            [ID] => 13363
            [post_author] => 1
            [post_date] => 2016-08-11 15:19:42
            [post_date_gmt] => 2016-08-11 09:49:42
            [post_content] => 
            [post_title] => Order &ndash; August 11, 2016 @ 03:19 PM
            [post_excerpt] => mobile-app
            [post_status] => wc-processing
            [comment_status] => open
            [ping_status] => closed
            [post_password] => order_57ac4a35b25f6
            [post_name] => order-aug-11-2016-0949-am
            [to_ping] => 
            [pinged] => 
            [post_modified] => 2016-08-11 15:19:42
            [post_modified_gmt] => 2016-08-11 09:49:42
            [post_content_filtered] => 
            [post_parent] => 0
            [guid] => http://localhost/packing/?post_type=shop_order&#038;p=13363
            [menu_order] => 0
            [post_type] => shop_order
            [post_mime_type] => 
            [comment_count] => 1
            [filter] => raw
        )

    [order_date] => 2016-08-11 15:19:42
    [modified_date] => 2016-08-11 15:19:42
    [customer_message] => mobile-app
    [customer_note] => mobile-app
    [post_status] => wc-processing
    [prices_include_tax] => 1
    [tax_display_cart] => incl
    [display_totals_ex_tax] => 
    [display_cart_ex_tax] => 
    [formatted_billing_address:protected] => 
    [formatted_shipping_address:protected] => 
)
$prefijo:: 1$telefono:: 919829450355$prefijo_internacional:: 91$pedido:: WC_Order Object
(
    [order_type] => simple
    [id] => 13366
    [post] => WP_Post Object
        (
            [ID] => 13366
            [post_author] => 1
            [post_date] => 2016-08-11 17:02:59
            [post_date_gmt] => 2016-08-11 11:32:59
            [post_content] => 
            [post_title] => Order &ndash; August 11, 2016 @ 05:02 PM
            [post_excerpt] => mobile-app
            [post_status] => wc-processing
            [comment_status] => open
            [ping_status] => closed
            [post_password] => order_57ac626b392e4
            [post_name] => order-aug-11-2016-1132-am
            [to_ping] => 
            [pinged] => 
            [post_modified] => 2016-08-11 17:02:59
            [post_modified_gmt] => 2016-08-11 11:32:59
            [post_content_filtered] => 
            [post_parent] => 0
            [guid] => http://localhost/packing/?post_type=shop_order&#038;p=13366
            [menu_order] => 0
            [post_type] => shop_order
            [post_mime_type] => 
            [comment_count] => 1
            [filter] => raw
        )

    [order_date] => 2016-08-11 17:02:59
    [modified_date] => 2016-08-11 17:02:59
    [customer_message] => mobile-app
    [customer_note] => mobile-app
    [post_status] => wc-processing
    [prices_include_tax] => 1
    [tax_display_cart] => incl
    [display_totals_ex_tax] => 
    [display_cart_ex_tax] => 
    [formatted_billing_address:protected] => 
    [formatted_shipping_address:protected] => 
)
$prefijo:: 1$telefono:: 919413640466$prefijo_internacional:: WC_Order Object
(
    [order_type] => simple
    [id] => 13366
    [post] => WP_Post Object
        (
            [ID] => 13366
            [post_author] => 1
            [post_date] => 2016-08-11 17:02:59
            [post_date_gmt] => 2016-08-11 11:32:59
            [post_content] => 
            [post_title] => Order &ndash; August 11, 2016 @ 05:02 PM
            [post_excerpt] => mobile-app
            [post_status] => wc-processing
            [comment_status] => open
            [ping_status] => closed
            [post_password] => order_57ac626b392e4
            [post_name] => order-aug-11-2016-1132-am
            [to_ping] => 
            [pinged] => 
            [post_modified] => 2016-08-11 17:02:59
            [post_modified_gmt] => 2016-08-11 11:32:59
            [post_content_filtered] => 
            [post_parent] => 0
            [guid] => http://localhost/packing/?post_type=shop_order&#038;p=13366
            [menu_order] => 0
            [post_type] => shop_order
            [post_mime_type] => 
            [comment_count] => 1
            [filter] => raw
        )

    [order_date] => 2016-08-11 17:02:59
    [modified_date] => 2016-08-11 17:02:59
    [customer_message] => mobile-app
    [customer_note] => mobile-app
    [post_status] => wc-processing
    [prices_include_tax] => 1
    [tax_display_cart] => incl
    [display_totals_ex_tax] => 
    [display_cart_ex_tax] => 
    [formatted_billing_address:protected] => 
    [formatted_shipping_address:protected] => 
)
$pedido:: WC_Order Object
(
    [order_type] => simple
    [id] => 13366
    [post] => WP_Post Object
        (
            [ID] => 13366
            [post_author] => 1
            [post_date] => 2016-08-11 17:02:59
            [post_date_gmt] => 2016-08-11 11:32:59
            [post_content] => 
            [post_title] => Order &ndash; August 11, 2016 @ 05:02 PM
            [post_excerpt] => mobile-app
            [post_status] => wc-processing
            [comment_status] => open
            [ping_status] => closed
            [post_password] => order_57ac626b392e4
            [post_name] => order-aug-11-2016-1132-am
            [to_ping] => 
            [pinged] => 
            [post_modified] => 2016-08-11 17:02:59
            [post_modified_gmt] => 2016-08-11 11:32:59
            [post_content_filtered] => 
            [post_parent] => 0
            [guid] => http://localhost/packing/?post_type=shop_order&#038;p=13366
            [menu_order] => 0
            [post_type] => shop_order
            [post_mime_type] => 
            [comment_count] => 1
            [filter] => raw
        )

    [order_date] => 2016-08-11 17:02:59
    [modified_date] => 2016-08-11 17:02:59
    [customer_message] => mobile-app
    [customer_note] => mobile-app
    [post_status] => wc-processing
    [prices_include_tax] => 1
    [tax_display_cart] => incl
    [display_totals_ex_tax] => 
    [display_cart_ex_tax] => 
    [formatted_billing_address:protected] => 
    [formatted_shipping_address:protected] => 
)
$prefijo:: 1$telefono:: 919829450355$prefijo_internacional:: WC_Order Object
(
    [order_type] => simple
    [id] => 13366
    [post] => WP_Post Object
        (
            [ID] => 13366
            [post_author] => 1
            [post_date] => 2016-08-11 17:02:59
            [post_date_gmt] => 2016-08-11 11:32:59
            [post_content] => 
            [post_title] => Order &ndash; August 11, 2016 @ 05:02 PM
            [post_excerpt] => mobile-app
            [post_status] => wc-processing
            [comment_status] => open
            [ping_status] => closed
            [post_password] => order_57ac626b392e4
            [post_name] => order-aug-11-2016-1132-am
            [to_ping] => 
            [pinged] => 
            [post_modified] => 2016-08-11 17:02:59
            [post_modified_gmt] => 2016-08-11 11:32:59
            [post_content_filtered] => 
            [post_parent] => 0
            [guid] => http://localhost/packing/?post_type=shop_order&#038;p=13366
            [menu_order] => 0
            [post_type] => shop_order
            [post_mime_type] => 
            [comment_count] => 1
            [filter] => raw
        )

    [order_date] => 2016-08-11 17:02:59
    [modified_date] => 2016-08-11 17:02:59
    [customer_message] => mobile-app
    [customer_note] => mobile-app
    [post_status] => wc-processing
    [prices_include_tax] => 1
    [tax_display_cart] => incl
    [display_totals_ex_tax] => 
    [display_cart_ex_tax] => 
    [formatted_billing_address:protected] => 
    [formatted_shipping_address:protected] => 
)
$pedido:: WC_Order Object
(
    [order_type] => simple
    [id] => 13366
    [post] => WP_Post Object
        (
            [ID] => 13366
            [post_author] => 1
            [post_date] => 2016-08-11 17:02:59
            [post_date_gmt] => 2016-08-11 11:32:59
            [post_content] => 
            [post_title] => Order &ndash; August 11, 2016 @ 05:02 PM
            [post_excerpt] => mobile-app
            [post_status] => wc-processing
            [comment_status] => open
            [ping_status] => closed
            [post_password] => order_57ac626b392e4
            [post_name] => order-aug-11-2016-1132-am
            [to_ping] => 
            [pinged] => 
            [post_modified] => 2016-08-11 17:02:59
            [post_modified_gmt] => 2016-08-11 11:32:59
            [post_content_filtered] => 
            [post_parent] => 0
            [guid] => http://localhost/packing/?post_type=shop_order&#038;p=13366
            [menu_order] => 0
            [post_type] => shop_order
            [post_mime_type] => 
            [comment_count] => 1
            [filter] => raw
        )

    [order_date] => 2016-08-11 17:02:59
    [modified_date] => 2016-08-11 17:02:59
    [customer_message] => mobile-app
    [customer_note] => mobile-app
    [post_status] => wc-processing
    [prices_include_tax] => 1
    [tax_display_cart] => incl
    [display_totals_ex_tax] => 
    [display_cart_ex_tax] => 
    [formatted_billing_address:protected] => 
    [formatted_shipping_address:protected] => 
)
$prefijo:: 1$telefono:: 919413640466$prefijo_internacional:: WC_Order Object
(
    [order_type] => simple
    [id] => 13366
    [post] => WP_Post Object
        (
            [ID] => 13366
            [post_author] => 1
            [post_date] => 2016-08-11 17:02:59
            [post_date_gmt] => 2016-08-11 11:32:59
            [post_content] => 
            [post_title] => Order &ndash; August 11, 2016 @ 05:02 PM
            [post_excerpt] => mobile-app
            [post_status] => wc-processing
            [comment_status] => open
            [ping_status] => closed
            [post_password] => order_57ac626b392e4
            [post_name] => order-aug-11-2016-1132-am
            [to_ping] => 
            [pinged] => 
            [post_modified] => 2016-08-11 17:02:59
            [post_modified_gmt] => 2016-08-11 11:32:59
            [post_content_filtered] => 
            [post_parent] => 0
            [guid] => http://localhost/packing/?post_type=shop_order&#038;p=13366
            [menu_order] => 0
            [post_type] => shop_order
            [post_mime_type] => 
            [comment_count] => 1
            [filter] => raw
        )

    [order_date] => 2016-08-11 17:02:59
    [modified_date] => 2016-08-11 17:02:59
    [customer_message] => mobile-app
    [customer_note] => mobile-app
    [post_status] => wc-processing
    [prices_include_tax] => 1
    [tax_display_cart] => incl
    [display_totals_ex_tax] => 
    [display_cart_ex_tax] => 
    [formatted_billing_address:protected] => 
    [formatted_shipping_address:protected] => 
)
$pedido:: WC_Order Object
(
    [order_type] => simple
    [id] => 13366
    [post] => WP_Post Object
        (
            [ID] => 13366
            [post_author] => 1
            [post_date] => 2016-08-11 17:02:59
            [post_date_gmt] => 2016-08-11 11:32:59
            [post_content] => 
            [post_title] => Order &ndash; August 11, 2016 @ 05:02 PM
            [post_excerpt] => mobile-app
            [post_status] => wc-processing
            [comment_status] => open
            [ping_status] => closed
            [post_password] => order_57ac626b392e4
            [post_name] => order-aug-11-2016-1132-am
            [to_ping] => 
            [pinged] => 
            [post_modified] => 2016-08-11 17:02:59
            [post_modified_gmt] => 2016-08-11 11:32:59
            [post_content_filtered] => 
            [post_parent] => 0
            [guid] => http://localhost/packing/?post_type=shop_order&#038;p=13366
            [menu_order] => 0
            [post_type] => shop_order
            [post_mime_type] => 
            [comment_count] => 1
            [filter] => raw
        )

    [order_date] => 2016-08-11 17:02:59
    [modified_date] => 2016-08-11 17:02:59
    [customer_message] => mobile-app
    [customer_note] => mobile-app
    [post_status] => wc-processing
    [prices_include_tax] => 1
    [tax_display_cart] => incl
    [display_totals_ex_tax] => 
    [display_cart_ex_tax] => 
    [formatted_billing_address:protected] => 
    [formatted_shipping_address:protected] => 
)
$prefijo:: 1$telefono:: 919829450355$prefijo_internacional:: WC_Order Object
(
    [order_type] => simple
    [id] => 13366
    [post] => WP_Post Object
        (
            [ID] => 13366
            [post_author] => 1
            [post_date] => 2016-08-11 17:02:59
            [post_date_gmt] => 2016-08-11 11:32:59
            [post_content] => 
            [post_title] => Order &ndash; August 11, 2016 @ 05:02 PM
            [post_excerpt] => mobile-app
            [post_status] => wc-processing
            [comment_status] => open
            [ping_status] => closed
            [post_password] => order_57ac626b392e4
            [post_name] => order-aug-11-2016-1132-am
            [to_ping] => 
            [pinged] => 
            [post_modified] => 2016-08-11 17:02:59
            [post_modified_gmt] => 2016-08-11 11:32:59
            [post_content_filtered] => 
            [post_parent] => 0
            [guid] => http://localhost/packing/?post_type=shop_order&#038;p=13366
            [menu_order] => 0
            [post_type] => shop_order
            [post_mime_type] => 
            [comment_count] => 1
            [filter] => raw
        )

    [order_date] => 2016-08-11 17:02:59
    [modified_date] => 2016-08-11 17:02:59
    [customer_message] => mobile-app
    [customer_note] => mobile-app
    [post_status] => wc-processing
    [prices_include_tax] => 1
    [tax_display_cart] => incl
    [display_totals_ex_tax] => 
    [display_cart_ex_tax] => 
    [formatted_billing_address:protected] => 
    [formatted_shipping_address:protected] => 
)
$pedido:: WC_Order Object
(
    [order_type] => simple
    [id] => 13369
    [post] => WP_Post Object
        (
            [ID] => 13369
            [post_author] => 1
            [post_date] => 2016-08-11 17:43:40
            [post_date_gmt] => 2016-08-11 12:13:40
            [post_content] => 
            [post_title] => Order &ndash; August 11, 2016 @ 05:43 PM
            [post_excerpt] => mobile-app
            [post_status] => wc-processing
            [comment_status] => open
            [ping_status] => closed
            [post_password] => order_57ac6bf43d4f4
            [post_name] => order-aug-11-2016-1213-pm
            [to_ping] => 
            [pinged] => 
            [post_modified] => 2016-08-11 17:43:40
            [post_modified_gmt] => 2016-08-11 12:13:40
            [post_content_filtered] => 
            [post_parent] => 0
            [guid] => http://localhost/packing/?post_type=shop_order&#038;p=13369
            [menu_order] => 0
            [post_type] => shop_order
            [post_mime_type] => 
            [comment_count] => 1
            [filter] => raw
        )

    [order_date] => 2016-08-11 17:43:40
    [modified_date] => 2016-08-11 17:43:40
    [customer_message] => mobile-app
    [customer_note] => mobile-app
    [post_status] => wc-processing
    [prices_include_tax] => 1
    [tax_display_cart] => incl
    [display_totals_ex_tax] => 
    [display_cart_ex_tax] => 
    [formatted_billing_address:protected] => 
    [formatted_shipping_address:protected] => 
)
$prefijo:: 1$telefono:: 919413640466$prefijo_internacional:: WC_Order Object
(
    [order_type] => simple
    [id] => 13369
    [post] => WP_Post Object
        (
            [ID] => 13369
            [post_author] => 1
            [post_date] => 2016-08-11 17:43:40
            [post_date_gmt] => 2016-08-11 12:13:40
            [post_content] => 
            [post_title] => Order &ndash; August 11, 2016 @ 05:43 PM
            [post_excerpt] => mobile-app
            [post_status] => wc-processing
            [comment_status] => open
            [ping_status] => closed
            [post_password] => order_57ac6bf43d4f4
            [post_name] => order-aug-11-2016-1213-pm
            [to_ping] => 
            [pinged] => 
            [post_modified] => 2016-08-11 17:43:40
            [post_modified_gmt] => 2016-08-11 12:13:40
            [post_content_filtered] => 
            [post_parent] => 0
            [guid] => http://localhost/packing/?post_type=shop_order&#038;p=13369
            [menu_order] => 0
            [post_type] => shop_order
            [post_mime_type] => 
            [comment_count] => 1
            [filter] => raw
        )

    [order_date] => 2016-08-11 17:43:40
    [modified_date] => 2016-08-11 17:43:40
    [customer_message] => mobile-app
    [customer_note] => mobile-app
    [post_status] => wc-processing
    [prices_include_tax] => 1
    [tax_display_cart] => incl
    [display_totals_ex_tax] => 
    [display_cart_ex_tax] => 
    [formatted_billing_address:protected] => 
    [formatted_shipping_address:protected] => 
)
$pedido:: WC_Order Object
(
    [order_type] => simple
    [id] => 13369
    [post] => WP_Post Object
        (
            [ID] => 13369
            [post_author] => 1
            [post_date] => 2016-08-11 17:43:40
            [post_date_gmt] => 2016-08-11 12:13:40
            [post_content] => 
            [post_title] => Order &ndash; August 11, 2016 @ 05:43 PM
            [post_excerpt] => mobile-app
            [post_status] => wc-processing
            [comment_status] => open
            [ping_status] => closed
            [post_password] => order_57ac6bf43d4f4
            [post_name] => order-aug-11-2016-1213-pm
            [to_ping] => 
            [pinged] => 
            [post_modified] => 2016-08-11 17:43:40
            [post_modified_gmt] => 2016-08-11 12:13:40
            [post_content_filtered] => 
            [post_parent] => 0
            [guid] => http://localhost/packing/?post_type=shop_order&#038;p=13369
            [menu_order] => 0
            [post_type] => shop_order
            [post_mime_type] => 
            [comment_count] => 1
            [filter] => raw
        )

    [order_date] => 2016-08-11 17:43:40
    [modified_date] => 2016-08-11 17:43:40
    [customer_message] => mobile-app
    [customer_note] => mobile-app
    [post_status] => wc-processing
    [prices_include_tax] => 1
    [tax_display_cart] => incl
    [display_totals_ex_tax] => 
    [display_cart_ex_tax] => 
    [formatted_billing_address:protected] => 
    [formatted_shipping_address:protected] => 
)
$prefijo:: 1$telefono:: 919829450355$prefijo_internacional:: WC_Order Object
(
    [order_type] => simple
    [id] => 13369
    [post] => WP_Post Object
        (
            [ID] => 13369
            [post_author] => 1
            [post_date] => 2016-08-11 17:43:40
            [post_date_gmt] => 2016-08-11 12:13:40
            [post_content] => 
            [post_title] => Order &ndash; August 11, 2016 @ 05:43 PM
            [post_excerpt] => mobile-app
            [post_status] => wc-processing
            [comment_status] => open
            [ping_status] => closed
            [post_password] => order_57ac6bf43d4f4
            [post_name] => order-aug-11-2016-1213-pm
            [to_ping] => 
            [pinged] => 
            [post_modified] => 2016-08-11 17:43:40
            [post_modified_gmt] => 2016-08-11 12:13:40
            [post_content_filtered] => 
            [post_parent] => 0
            [guid] => http://localhost/packing/?post_type=shop_order&#038;p=13369
            [menu_order] => 0
            [post_type] => shop_order
            [post_mime_type] => 
            [comment_count] => 1
            [filter] => raw
        )

    [order_date] => 2016-08-11 17:43:40
    [modified_date] => 2016-08-11 17:43:40
    [customer_message] => mobile-app
    [customer_note] => mobile-app
    [post_status] => wc-processing
    [prices_include_tax] => 1
    [tax_display_cart] => incl
    [display_totals_ex_tax] => 
    [display_cart_ex_tax] => 
    [formatted_billing_address:protected] => 
    [formatted_shipping_address:protected] => 
)
$pedido:: WC_Order Object
(
    [order_type] => simple
    [id] => 13369
    [post] => WP_Post Object
        (
            [ID] => 13369
            [post_author] => 1
            [post_date] => 2016-08-11 17:43:40
            [post_date_gmt] => 2016-08-11 12:13:40
            [post_content] => 
            [post_title] => Order &ndash; August 11, 2016 @ 05:43 PM
            [post_excerpt] => mobile-app
            [post_status] => wc-processing
            [comment_status] => open
            [ping_status] => closed
            [post_password] => order_57ac6bf43d4f4
            [post_name] => order-aug-11-2016-1213-pm
            [to_ping] => 
            [pinged] => 
            [post_modified] => 2016-08-11 17:43:40
            [post_modified_gmt] => 2016-08-11 12:13:40
            [post_content_filtered] => 
            [post_parent] => 0
            [guid] => http://localhost/packing/?post_type=shop_order&#038;p=13369
            [menu_order] => 0
            [post_type] => shop_order
            [post_mime_type] => 
            [comment_count] => 1
            [filter] => raw
        )

    [order_date] => 2016-08-11 17:43:40
    [modified_date] => 2016-08-11 17:43:40
    [customer_message] => mobile-app
    [customer_note] => mobile-app
    [post_status] => wc-processing
    [prices_include_tax] => 1
    [tax_display_cart] => incl
    [display_totals_ex_tax] => 
    [display_cart_ex_tax] => 
    [formatted_billing_address:protected] => 
    [formatted_shipping_address:protected] => 
)
$prefijo:: 1$telefono:: 919413640466$prefijo_internacional:: WC_Order Object
(
    [order_type] => simple
    [id] => 13369
    [post] => WP_Post Object
        (
            [ID] => 13369
            [post_author] => 1
            [post_date] => 2016-08-11 17:43:40
            [post_date_gmt] => 2016-08-11 12:13:40
            [post_content] => 
            [post_title] => Order &ndash; August 11, 2016 @ 05:43 PM
            [post_excerpt] => mobile-app
            [post_status] => wc-processing
            [comment_status] => open
            [ping_status] => closed
            [post_password] => order_57ac6bf43d4f4
            [post_name] => order-aug-11-2016-1213-pm
            [to_ping] => 
            [pinged] => 
            [post_modified] => 2016-08-11 17:43:40
            [post_modified_gmt] => 2016-08-11 12:13:40
            [post_content_filtered] => 
            [post_parent] => 0
            [guid] => http://localhost/packing/?post_type=shop_order&#038;p=13369
            [menu_order] => 0
            [post_type] => shop_order
            [post_mime_type] => 
            [comment_count] => 1
            [filter] => raw
        )

    [order_date] => 2016-08-11 17:43:40
    [modified_date] => 2016-08-11 17:43:40
    [customer_message] => mobile-app
    [customer_note] => mobile-app
    [post_status] => wc-processing
    [prices_include_tax] => 1
    [tax_display_cart] => incl
    [display_totals_ex_tax] => 
    [display_cart_ex_tax] => 
    [formatted_billing_address:protected] => 
    [formatted_shipping_address:protected] => 
)
$pedido:: WC_Order Object
(
    [order_type] => simple
    [id] => 13369
    [post] => WP_Post Object
        (
            [ID] => 13369
            [post_author] => 1
            [post_date] => 2016-08-11 17:43:40
            [post_date_gmt] => 2016-08-11 12:13:40
            [post_content] => 
            [post_title] => Order &ndash; August 11, 2016 @ 05:43 PM
            [post_excerpt] => mobile-app
            [post_status] => wc-processing
            [comment_status] => open
            [ping_status] => closed
            [post_password] => order_57ac6bf43d4f4
            [post_name] => order-aug-11-2016-1213-pm
            [to_ping] => 
            [pinged] => 
            [post_modified] => 2016-08-11 17:43:40
            [post_modified_gmt] => 2016-08-11 12:13:40
            [post_content_filtered] => 
            [post_parent] => 0
            [guid] => http://localhost/packing/?post_type=shop_order&#038;p=13369
            [menu_order] => 0
            [post_type] => shop_order
            [post_mime_type] => 
            [comment_count] => 1
            [filter] => raw
        )

    [order_date] => 2016-08-11 17:43:40
    [modified_date] => 2016-08-11 17:43:40
    [customer_message] => mobile-app
    [customer_note] => mobile-app
    [post_status] => wc-processing
    [prices_include_tax] => 1
    [tax_display_cart] => incl
    [display_totals_ex_tax] => 
    [display_cart_ex_tax] => 
    [formatted_billing_address:protected] => 
    [formatted_shipping_address:protected] => 
)
$prefijo:: 1$telefono:: 919829450355$prefijo_internacional:: WC_Order Object
(
    [order_type] => simple
    [id] => 13369
    [post] => WP_Post Object
        (
            [ID] => 13369
            [post_author] => 1
            [post_date] => 2016-08-11 17:43:40
            [post_date_gmt] => 2016-08-11 12:13:40
            [post_content] => 
            [post_title] => Order &ndash; August 11, 2016 @ 05:43 PM
            [post_excerpt] => mobile-app
            [post_status] => wc-processing
            [comment_status] => open
            [ping_status] => closed
            [post_password] => order_57ac6bf43d4f4
            [post_name] => order-aug-11-2016-1213-pm
            [to_ping] => 
            [pinged] => 
            [post_modified] => 2016-08-11 17:43:40
            [post_modified_gmt] => 2016-08-11 12:13:40
            [post_content_filtered] => 
            [post_parent] => 0
            [guid] => http://localhost/packing/?post_type=shop_order&#038;p=13369
            [menu_order] => 0
            [post_type] => shop_order
            [post_mime_type] => 
            [comment_count] => 1
            [filter] => raw
        )

    [order_date] => 2016-08-11 17:43:40
    [modified_date] => 2016-08-11 17:43:40
    [customer_message] => mobile-app
    [customer_note] => mobile-app
    [post_status] => wc-processing
    [prices_include_tax] => 1
    [tax_display_cart] => incl
    [display_totals_ex_tax] => 
    [display_cart_ex_tax] => 
    [formatted_billing_address:protected] => 
    [formatted_shipping_address:protected] => 
)
$user kid found:: 